{"name": "test_member_sample", "status": "broken", "statusDetails": {"message": "selenium.common.exceptions.NoSuchWindowException: Message: no such window: target window already closed\nfrom unknown error: web view not found\n  (Session info: chrome=109.0.5414.120)\nStacktrace:\nBacktrace:\n\t(No symbol) [0x00E9F243]\n\t(No symbol) [0x00E27FD1]\n\t(No symbol) [0x00D1D04D]\n\t(No symbol) [0x00D02D7A]\n\t(No symbol) [0x00D6BE7B]\n\t(No symbol) [0x00D7C196]\n\t(No symbol) [0x00D68386]\n\t(No symbol) [0x00D4163C]\n\t(No symbol) [0x00D4269D]\n\tGetHandleVerifier [0x01139A22+2655074]\n\tGetHandleVerifier [0x0112CA24+2601828]\n\tGetHandleVerifier [0x00F48C0A+619850]\n\tGetHandleVerifier [0x00F47830+614768]\n\t(No symbol) [0x00E305FC]\n\t(No symbol) [0x00E35968]\n\t(No symbol) [0x00E35A55]\n\t(No symbol) [0x00E4051B]\n\tBaseThreadInitThunk [0x770105C9+25]\n\tRtlGetAppContainerNamedObjectPath [0x771A784D+237]\n\tRtlGetAppContainerNamedObjectPath [0x771A781D+189]", "trace": "self = <TestCases.testsuites.test_url_06.TestSample1 object at 0x000001A960250110>\nuiTestData = {'discharge_date': '01/18/2023', 'facility': {'facility_id': 'FA03', 'facility_name': 'Teamfacility'}, 'locators': {'c... {'DOB': '12/01/1979', 'Enrollment_date': '01/01/2023', 'create_member_id': 'MEM35', 'first_name': 'albert', ...}, ...}\nconfigLogger = <RootLogger root (INFO)>\n\n    def test_member_sample(self, uiTestData, configLogger):\n        mem = Member(uiTestData)\n>       mem.create_Member()\n\nTestCases\\testsuites\\test_url_06.py:25: \n_ _ _ _ _ _ _ _ _ _ _ _ _ _ _ _ _ _ _ _ _ _ _ _ _ _ _ _ _ _ _ _ _ _ _ _ _ _ _ _ _ _ _ _ _ _ _ _ _ _ _ _ _ _ _ _ _ _ _ _ _ _ _ _ _ _ _ _ _ _ _ _ _ _ _ _ _ _ _ _ _ _ _ _ _ _ _ _ _ _ _ _\nCommonClass\\web_utils\\pages\\member.py:31: in create_Member\n    click(self.uiTestData['locators']['member_save_exit_xpath'])\nCommonClass\\web_utils\\CommonActions.py:11: in click\n    return driver.find_element(By.XPATH, xpath).click()\n..\\ACM\\venv\\Lib\\site-packages\\selenium\\webdriver\\remote\\webdriver.py:857: in find_element\n    return self.execute(Command.FIND_ELEMENT, {\n..\\ACM\\venv\\Lib\\site-packages\\selenium\\webdriver\\remote\\webdriver.py:435: in execute\n    self.error_handler.check_response(response)\n_ _ _ _ _ _ _ _ _ _ _ _ _ _ _ _ _ _ _ _ _ _ _ _ _ _ _ _ _ _ _ _ _ _ _ _ _ _ _ _ _ _ _ _ _ _ _ _ _ _ _ _ _ _ _ _ _ _ _ _ _ _ _ _ _ _ _ _ _ _ _ _ _ _ _ _ _ _ _ _ _ _ _ _ _ _ _ _ _ _ _ _\n\nself = <selenium.webdriver.remote.errorhandler.ErrorHandler object at 0x000001A95F052F10>\nresponse = {'status': 404, 'value': '{\"value\":{\"error\":\"no such window\",\"message\":\"no such window: target window already closed\\\\...\\n\\\\tRtlGetAppContainerNamedObjectPath [0x771A784D+237]\\\\n\\\\tRtlGetAppContainerNamedObjectPath [0x771A781D+189]\\\\n\"}}'}\n\n    def check_response(self, response: Dict[str, Any]) -> None:\n        \"\"\"\n        Checks that a JSON response from the WebDriver does not have an error.\n    \n        :Args:\n         - response - The JSON response from the WebDriver server as a dictionary\n           object.\n    \n        :Raises: If the response contains an error message.\n        \"\"\"\n        status = response.get('status', None)\n        if not status or status == ErrorCode.SUCCESS:\n            return\n        value = None\n        message = response.get(\"message\", \"\")\n        screen: str = response.get(\"screen\", \"\")\n        stacktrace = None\n        if isinstance(status, int):\n            value_json = response.get('value', None)\n            if value_json and isinstance(value_json, str):\n                import json\n                try:\n                    value = json.loads(value_json)\n                    if len(value.keys()) == 1:\n                        value = value['value']\n                    status = value.get('error', None)\n                    if not status:\n                        status = value.get(\"status\", ErrorCode.UNKNOWN_ERROR)\n                        message = value.get(\"value\") or value.get(\"message\")\n                        if not isinstance(message, str):\n                            value = message\n                            message = message.get('message')\n                    else:\n                        message = value.get('message', None)\n                except ValueError:\n                    pass\n    \n        exception_class: Type[WebDriverException]\n        if status in ErrorCode.NO_SUCH_ELEMENT:\n            exception_class = NoSuchElementException\n        elif status in ErrorCode.NO_SUCH_FRAME:\n            exception_class = NoSuchFrameException\n        elif status in ErrorCode.NO_SUCH_SHADOW_ROOT:\n            exception_class = NoSuchShadowRootException\n        elif status in ErrorCode.NO_SUCH_WINDOW:\n            exception_class = NoSuchWindowException\n        elif status in ErrorCode.STALE_ELEMENT_REFERENCE:\n            exception_class = StaleElementReferenceException\n        elif status in ErrorCode.ELEMENT_NOT_VISIBLE:\n            exception_class = ElementNotVisibleException\n        elif status in ErrorCode.INVALID_ELEMENT_STATE:\n            exception_class = InvalidElementStateException\n        elif status in ErrorCode.INVALID_SELECTOR \\\n                or status in ErrorCode.INVALID_XPATH_SELECTOR \\\n                or status in ErrorCode.INVALID_XPATH_SELECTOR_RETURN_TYPER:\n            exception_class = InvalidSelectorException\n        elif status in ErrorCode.ELEMENT_IS_NOT_SELECTABLE:\n            exception_class = ElementNotSelectableException\n        elif status in ErrorCode.ELEMENT_NOT_INTERACTABLE:\n            exception_class = ElementNotInteractableException\n        elif status in ErrorCode.INVALID_COOKIE_DOMAIN:\n            exception_class = InvalidCookieDomainException\n        elif status in ErrorCode.UNABLE_TO_SET_COOKIE:\n            exception_class = UnableToSetCookieException\n        elif status in ErrorCode.TIMEOUT:\n            exception_class = TimeoutException\n        elif status in ErrorCode.SCRIPT_TIMEOUT:\n            exception_class = TimeoutException\n        elif status in ErrorCode.UNKNOWN_ERROR:\n            exception_class = WebDriverException\n        elif status in ErrorCode.UNEXPECTED_ALERT_OPEN:\n            exception_class = UnexpectedAlertPresentException\n        elif status in ErrorCode.NO_ALERT_OPEN:\n            exception_class = NoAlertPresentException\n        elif status in ErrorCode.IME_NOT_AVAILABLE:\n            exception_class = ImeNotAvailableException\n        elif status in ErrorCode.IME_ENGINE_ACTIVATION_FAILED:\n            exception_class = ImeActivationFailedException\n        elif status in ErrorCode.MOVE_TARGET_OUT_OF_BOUNDS:\n            exception_class = MoveTargetOutOfBoundsException\n        elif status in ErrorCode.JAVASCRIPT_ERROR:\n            exception_class = JavascriptException\n        elif status in ErrorCode.SESSION_NOT_CREATED:\n            exception_class = SessionNotCreatedException\n        elif status in ErrorCode.INVALID_ARGUMENT:\n            exception_class = InvalidArgumentException\n        elif status in ErrorCode.NO_SUCH_COOKIE:\n            exception_class = NoSuchCookieException\n        elif status in ErrorCode.UNABLE_TO_CAPTURE_SCREEN:\n            exception_class = ScreenshotException\n        elif status in ErrorCode.ELEMENT_CLICK_INTERCEPTED:\n            exception_class = ElementClickInterceptedException\n        elif status in ErrorCode.INSECURE_CERTIFICATE:\n            exception_class = InsecureCertificateException\n        elif status in ErrorCode.INVALID_COORDINATES:\n            exception_class = InvalidCoordinatesException\n        elif status in ErrorCode.INVALID_SESSION_ID:\n            exception_class = InvalidSessionIdException\n        elif status in ErrorCode.UNKNOWN_METHOD:\n            exception_class = UnknownMethodException\n        else:\n            exception_class = WebDriverException\n        if not value:\n            value = response['value']\n        if isinstance(value, str):\n            raise exception_class(value)\n        if message == \"\" and 'message' in value:\n            message = value['message']\n    \n        screen = None  # type: ignore[assignment]\n        if 'screen' in value:\n            screen = value['screen']\n    \n        stacktrace = None\n        st_value = value.get('stackTrace') or value.get('stacktrace')\n        if st_value:\n            if isinstance(st_value, str):\n                stacktrace = st_value.split('\\n')\n            else:\n                stacktrace = []\n                try:\n                    for frame in st_value:\n                        line = self._value_or_default(frame, 'lineNumber', '')\n                        file = self._value_or_default(frame, 'fileName', '<anonymous>')\n                        if line:\n                            file = f\"{file}:{line}\"\n                        meth = self._value_or_default(frame, 'methodName', '<anonymous>')\n                        if 'className' in frame:\n                            meth = \"{}.{}\".format(frame['className'], meth)\n                        msg = \"    at %s (%s)\"\n                        msg = msg % (meth, file)\n                        stacktrace.append(msg)\n                except TypeError:\n                    pass\n        if exception_class == UnexpectedAlertPresentException:\n            alert_text = None\n            if 'data' in value:\n                alert_text = value['data'].get('text')\n            elif 'alert' in value:\n                alert_text = value['alert'].get('text')\n            raise exception_class(message, screen, stacktrace, alert_text)  # type: ignore[call-arg]  # mypy is not smart enough here\n>       raise exception_class(message, screen, stacktrace)\nE       selenium.common.exceptions.NoSuchWindowException: Message: no such window: target window already closed\nE       from unknown error: web view not found\nE         (Session info: chrome=109.0.5414.120)\nE       Stacktrace:\nE       Backtrace:\nE       \t(No symbol) [0x00E9F243]\nE       \t(No symbol) [0x00E27FD1]\nE       \t(No symbol) [0x00D1D04D]\nE       \t(No symbol) [0x00D02D7A]\nE       \t(No symbol) [0x00D6BE7B]\nE       \t(No symbol) [0x00D7C196]\nE       \t(No symbol) [0x00D68386]\nE       \t(No symbol) [0x00D4163C]\nE       \t(No symbol) [0x00D4269D]\nE       \tGetHandleVerifier [0x01139A22+2655074]\nE       \tGetHandleVerifier [0x0112CA24+2601828]\nE       \tGetHandleVerifier [0x00F48C0A+619850]\nE       \tGetHandleVerifier [0x00F47830+614768]\nE       \t(No symbol) [0x00E305FC]\nE       \t(No symbol) [0x00E35968]\nE       \t(No symbol) [0x00E35A55]\nE       \t(No symbol) [0x00E4051B]\nE       \tBaseThreadInitThunk [0x770105C9+25]\nE       \tRtlGetAppContainerNamedObjectPath [0x771A784D+237]\nE       \tRtlGetAppContainerNamedObjectPath [0x771A781D+189]\n\n..\\ACM\\venv\\Lib\\site-packages\\selenium\\webdriver\\remote\\errorhandler.py:247: NoSuchWindowException"}, "start": 1675664536599, "stop": 1675664555991, "uuid": "7d4d2044-5763-4ea8-8651-61c8401932ab", "historyId": "362a93a05ec364c0ed4f6d375a17aa82", "testCaseId": "ec39a8b3d63f17d933b50df2a4d3d241", "fullName": "TestCases.testsuites.test_url_06.TestSample1#test_member_sample", "labels": [{"name": "parentSuite", "value": "TestCases.testsuites"}, {"name": "suite", "value": "test_url_06"}, {"name": "subSuite", "value": "TestSample1"}, {"name": "host", "value": "WSAMZN-7K50OVEF"}, {"name": "thread", "value": "6012-MainThread"}, {"name": "framework", "value": "pytest"}, {"name": "language", "value": "cpython3"}, {"name": "package", "value": "TestCases.testsuites.test_url_06"}]}